2020-04-18 15:00:19.000 [main] DEBUG net.sppan.base.config.listener.ApplicationEventListener - 初始化环境变量
2020-04-18 15:00:19.231 [main] INFO  net.sppan.base.Application - Starting Application on DESKTOP-H16513R with PID 10956 (F:\code\springboot_authority-master\target\classes started by DELL in F:\code\springboot_authority-master)
2020-04-18 15:00:19.231 [main] DEBUG net.sppan.base.Application - Running with Spring Boot v1.4.2.RELEASE, Spring v4.3.4.RELEASE
2020-04-18 15:00:19.231 [main] INFO  net.sppan.base.Application - No active profile set, falling back to default profiles: default
2020-04-18 15:00:19.372 [main] DEBUG net.sppan.base.config.listener.ApplicationEventListener - 初始化环境变量完成
2020-04-18 15:00:19.746 [background-preinit] DEBUG org.jboss.logging - Logging Provider: org.jboss.logging.Slf4jLoggerProvider found via system property
2020-04-18 15:00:22.312 [main] DEBUG net.sf.ehcache.config.ConfigurationFactory - Configuring ehcache from InputStream
2020-04-18 15:00:22.328 [main] DEBUG net.sf.ehcache.config.BeanHandler - Ignoring ehcache attribute xmlns:xsi
2020-04-18 15:00:22.328 [main] DEBUG net.sf.ehcache.config.BeanHandler - Ignoring ehcache attribute xsi:noNamespaceSchemaLocation
2020-04-18 15:00:22.328 [main] DEBUG net.sf.ehcache.config.DiskStoreConfiguration - Disk Store Path: C:\Users\DELL\AppData\Local\Temp\
2020-04-18 15:00:22.343 [main] DEBUG net.sf.ehcache.util.PropertyUtil - propertiesString is null.
2020-04-18 15:00:22.359 [main] DEBUG net.sf.ehcache.config.ConfigurationHelper - No CacheManagerEventListenerFactory class specified. Skipping...
2020-04-18 15:00:23.225 [main] DEBUG net.sf.ehcache.Cache - No BootstrapCacheLoaderFactory class specified. Skipping...
2020-04-18 15:00:23.225 [main] DEBUG net.sf.ehcache.Cache - CacheWriter factory not configured. Skipping...
2020-04-18 15:00:23.225 [main] DEBUG net.sf.ehcache.config.ConfigurationHelper - No CacheExceptionHandlerFactory class specified. Skipping...
2020-04-18 15:00:23.237 [main] DEBUG net.sf.ehcache.Cache - No BootstrapCacheLoaderFactory class specified. Skipping...
2020-04-18 15:00:23.237 [main] DEBUG net.sf.ehcache.Cache - CacheWriter factory not configured. Skipping...
2020-04-18 15:00:23.237 [main] DEBUG net.sf.ehcache.config.ConfigurationHelper - No CacheExceptionHandlerFactory class specified. Skipping...
2020-04-18 15:00:23.241 [main] WARN  net.sf.ehcache.config.CacheConfiguration - Configuration problem for cache resourceCache: MaxEntriesLocalHeap equal or greater than MaxEntriesLocalDisk. This will result in useless disk storage.
2020-04-18 15:00:23.257 [main] DEBUG net.sf.ehcache.DiskStorePathManager - Using diskstore path C:\Users\DELL\AppData\Local\Temp
2020-04-18 15:00:23.257 [main] DEBUG net.sf.ehcache.DiskStorePathManager - Holding exclusive lock on C:\Users\DELL\AppData\Local\Temp\.ehcache-diskstore.lock
2020-04-18 15:00:23.257 [main] DEBUG net.sf.ehcache.store.disk.DiskStorageFactory - Failed to delete file resource%0043ache.data
2020-04-18 15:00:23.257 [main] DEBUG net.sf.ehcache.store.disk.DiskStorageFactory - Failed to delete file resource%0043ache.index
2020-04-18 15:00:23.265 [main] DEBUG net.sf.ehcache.store.disk.DiskStorageFactory - Matching data file missing (or empty) for index file. Deleting index file C:\Users\DELL\AppData\Local\Temp\resource%0043ache.index
2020-04-18 15:00:23.265 [main] DEBUG net.sf.ehcache.store.disk.DiskStorageFactory - Failed to delete file resource%0043ache.index
2020-04-18 15:00:23.341 [main] DEBUG net.sf.ehcache.statistics.extended.ExtendedStatisticsImpl - Mocking Pass-Through Statistic: LOCAL_OFFHEAP_SIZE
2020-04-18 15:00:23.341 [main] DEBUG net.sf.ehcache.statistics.extended.ExtendedStatisticsImpl - Mocking Pass-Through Statistic: LOCAL_OFFHEAP_SIZE_BYTES
2020-04-18 15:00:23.341 [main] DEBUG net.sf.ehcache.statistics.extended.ExtendedStatisticsImpl - Mocking Pass-Through Statistic: WRITER_QUEUE_LENGTH
2020-04-18 15:00:23.341 [main] DEBUG net.sf.ehcache.statistics.extended.ExtendedStatisticsImpl - Mocking Pass-Through Statistic: REMOTE_SIZE
2020-04-18 15:00:23.341 [main] DEBUG net.sf.ehcache.statistics.extended.ExtendedStatisticsImpl - Mocking Pass-Through Statistic: LAST_REJOIN_TIMESTAMP
2020-04-18 15:00:23.357 [main] DEBUG net.sf.ehcache.statistics.extended.ExtendedStatisticsImpl - Mocking Operation Statistic: OFFHEAP_GET
2020-04-18 15:00:23.357 [main] DEBUG net.sf.ehcache.statistics.extended.ExtendedStatisticsImpl - Mocking Operation Statistic: OFFHEAP_PUT
2020-04-18 15:00:23.357 [main] DEBUG net.sf.ehcache.statistics.extended.ExtendedStatisticsImpl - Mocking Operation Statistic: OFFHEAP_REMOVE
2020-04-18 15:00:23.361 [main] DEBUG net.sf.ehcache.statistics.extended.ExtendedStatisticsImpl - Mocking Operation Statistic: XA_COMMIT
2020-04-18 15:00:23.361 [main] DEBUG net.sf.ehcache.statistics.extended.ExtendedStatisticsImpl - Mocking Operation Statistic: XA_ROLLBACK
2020-04-18 15:00:23.361 [main] DEBUG net.sf.ehcache.statistics.extended.ExtendedStatisticsImpl - Mocking Operation Statistic: XA_RECOVERY
2020-04-18 15:00:23.361 [main] DEBUG net.sf.ehcache.statistics.extended.ExtendedStatisticsImpl - Mocking Operation Statistic: CLUSTER_EVENT
2020-04-18 15:00:23.361 [main] DEBUG net.sf.ehcache.statistics.extended.ExtendedStatisticsImpl - Mocking Operation Statistic: NONSTOP
2020-04-18 15:00:23.369 [main] DEBUG net.sf.ehcache.Cache - Initialised cache: resourceCache
2020-04-18 15:00:23.369 [main] DEBUG net.sf.ehcache.config.ConfigurationHelper - CacheDecoratorFactory not configured. Skipping for 'resourceCache'.
2020-04-18 15:00:23.369 [main] DEBUG net.sf.ehcache.config.ConfigurationHelper - CacheDecoratorFactory not configured for defaultCache. Skipping for 'resourceCache'.
2020-04-18 15:00:23.955 [main] INFO  com.alibaba.druid.pool.DruidDataSource - {dataSource-1} inited
2020-04-18 15:00:26.922 [main] INFO  org.apache.catalina.core.StandardService - Starting service Tomcat
2020-04-18 15:00:26.922 [main] INFO  org.apache.catalina.core.StandardEngine - Starting Servlet Engine: Apache Tomcat/8.5.6
2020-04-18 15:00:27.104 [localhost-startStop-1] INFO  org.apache.catalina.core.ContainerBase.[Tomcat].[localhost].[/] - Initializing Spring embedded WebApplicationContext
2020-04-18 15:00:29.796 [main] DEBUG net.sppan.base.config.listener.ApplicationEventListener - 应用刷新
2020-04-18 15:00:29.812 [main] INFO  org.apache.coyote.http11.Http11NioProtocol - Initializing ProtocolHandler ["http-nio-80"]
2020-04-18 15:00:29.827 [main] INFO  org.apache.coyote.http11.Http11NioProtocol - Starting ProtocolHandler [http-nio-80]
2020-04-18 15:00:29.843 [main] INFO  org.apache.tomcat.util.net.NioSelectorPool - Using a shared selector for servlet write/read
2020-04-18 15:00:29.874 [main] DEBUG net.sppan.base.config.listener.ApplicationEventListener - 应用已启动完成
2020-04-18 15:00:29.874 [main] INFO  net.sppan.base.Application - Started Application in 11.491 seconds (JVM running for 12.903)
2020-04-18 15:00:29.874 [main] DEBUG net.sppan.base.Application - 启动成功
2020-04-18 15:01:09.339 [http-nio-80-exec-1] INFO  org.apache.catalina.core.ContainerBase.[Tomcat].[localhost].[/] - Initializing Spring FrameworkServlet 'dispatcherServlet'
2020-04-18 15:02:27.274 [http-nio-80-exec-1] INFO  org.apache.tomcat.util.http.Parameters - Invalid chunk starting at byte [31] and ending at byte [32] with a value of [=] ignored
 Note: further occurrences of Parameter errors will be logged at DEBUG level.
2020-04-18 15:02:27.813 [http-nio-80-exec-1] DEBUG org.hibernate.SQL - select user0_.id as id1_6_, user0_.address as address2_6_, user0_.birthday as birthday3_6_, user0_.create_time as create_t4_6_, user0_.delete_status as delete_s5_6_, user0_.description as descript6_6_, user0_.email as email7_6_, user0_.locked as locked8_6_, user0_.nick_name as nick_nam9_6_, user0_.password as passwor10_6_, user0_.sex as sex11_6_, user0_.telephone as telepho12_6_, user0_.update_time as update_13_6_, user0_.user_name as user_na14_6_ from tb_user user0_ where user0_.user_name=?
2020-04-18 15:02:28.014 [http-nio-80-exec-1] DEBUG org.hibernate.SQL - select redis0_.id as id1_1_, redis0_.sxcs as sxcs2_1_, redis0_.sxsj as sxsj3_1_ from tb_redis redis0_
2020-04-18 15:02:28.179 [http-nio-80-exec-8] DEBUG org.hibernate.SQL - select user0_.id as id1_6_, user0_.address as address2_6_, user0_.birthday as birthday3_6_, user0_.create_time as create_t4_6_, user0_.delete_status as delete_s5_6_, user0_.description as descript6_6_, user0_.email as email7_6_, user0_.locked as locked8_6_, user0_.nick_name as nick_nam9_6_, user0_.password as passwor10_6_, user0_.sex as sex11_6_, user0_.telephone as telepho12_6_, user0_.update_time as update_13_6_, user0_.user_name as user_na14_6_ from tb_user user0_ where user0_.user_name=?
2020-04-18 15:02:28.187 [http-nio-80-exec-8] DEBUG org.hibernate.SQL - select roles0_.user_id as user_id1_7_0_, roles0_.role_id as role_id2_7_0_, role1_.id as id1_3_1_, role1_.create_time as create_t2_3_1_, role1_.description as descript3_3_1_, role1_.name as name4_3_1_, role1_.role_key as role_key5_3_1_, role1_.status as status6_3_1_, role1_.update_time as update_t7_3_1_ from tb_user_role roles0_ inner join tb_role role1_ on roles0_.role_id=role1_.id where roles0_.user_id=?
2020-04-18 15:02:28.245 [http-nio-80-exec-8] DEBUG org.hibernate.SQL - select resources0_.role_id as role_id1_4_0_, resources0_.resource_id as resource2_4_0_, resource1_.id as id1_2_1_, resource1_.create_time as create_t2_2_1_, resource1_.description as descript3_2_1_, resource1_.icon as icon4_2_1_, resource1_.is_hide as is_hide5_2_1_, resource1_.level as level6_2_1_, resource1_.name as name7_2_1_, resource1_.parent_id as parent_13_2_1_, resource1_.sort as sort8_2_1_, resource1_.source_key as source_k9_2_1_, resource1_.source_url as source_10_2_1_, resource1_.type as type11_2_1_, resource1_.update_time as update_12_2_1_ from tb_role_resource resources0_ inner join tb_resource resource1_ on resources0_.resource_id=resource1_.id where resources0_.role_id=?
2020-04-18 15:02:28.269 [http-nio-80-exec-8] DEBUG org.hibernate.SQL - select user0_.id as id1_6_, user0_.address as address2_6_, user0_.birthday as birthday3_6_, user0_.create_time as create_t4_6_, user0_.delete_status as delete_s5_6_, user0_.description as descript6_6_, user0_.email as email7_6_, user0_.locked as locked8_6_, user0_.nick_name as nick_nam9_6_, user0_.password as passwor10_6_, user0_.sex as sex11_6_, user0_.telephone as telepho12_6_, user0_.update_time as update_13_6_, user0_.user_name as user_na14_6_ from tb_user user0_ where user0_.user_name=?
2020-04-18 15:02:28.269 [http-nio-80-exec-8] DEBUG org.hibernate.SQL - select user0_.id as id1_6_, user0_.address as address2_6_, user0_.birthday as birthday3_6_, user0_.create_time as create_t4_6_, user0_.delete_status as delete_s5_6_, user0_.description as descript6_6_, user0_.email as email7_6_, user0_.locked as locked8_6_, user0_.nick_name as nick_nam9_6_, user0_.password as passwor10_6_, user0_.sex as sex11_6_, user0_.telephone as telepho12_6_, user0_.update_time as update_13_6_, user0_.user_name as user_na14_6_ from tb_user user0_ where user0_.user_name=?
2020-04-18 15:02:28.285 [http-nio-80-exec-8] DEBUG org.hibernate.SQL - select user0_.id as id1_6_, user0_.address as address2_6_, user0_.birthday as birthday3_6_, user0_.create_time as create_t4_6_, user0_.delete_status as delete_s5_6_, user0_.description as descript6_6_, user0_.email as email7_6_, user0_.locked as locked8_6_, user0_.nick_name as nick_nam9_6_, user0_.password as passwor10_6_, user0_.sex as sex11_6_, user0_.telephone as telepho12_6_, user0_.update_time as update_13_6_, user0_.user_name as user_na14_6_ from tb_user user0_ where user0_.user_name=?
2020-04-18 15:02:28.285 [http-nio-80-exec-8] DEBUG org.hibernate.SQL - select user0_.id as id1_6_, user0_.address as address2_6_, user0_.birthday as birthday3_6_, user0_.create_time as create_t4_6_, user0_.delete_status as delete_s5_6_, user0_.description as descript6_6_, user0_.email as email7_6_, user0_.locked as locked8_6_, user0_.nick_name as nick_nam9_6_, user0_.password as passwor10_6_, user0_.sex as sex11_6_, user0_.telephone as telepho12_6_, user0_.update_time as update_13_6_, user0_.user_name as user_na14_6_ from tb_user user0_ where user0_.user_name=?
2020-04-18 15:02:28.830 [http-nio-80-exec-6] DEBUG org.hibernate.SQL - select user0_.id as id1_6_, user0_.address as address2_6_, user0_.birthday as birthday3_6_, user0_.create_time as create_t4_6_, user0_.delete_status as delete_s5_6_, user0_.description as descript6_6_, user0_.email as email7_6_, user0_.locked as locked8_6_, user0_.nick_name as nick_nam9_6_, user0_.password as passwor10_6_, user0_.sex as sex11_6_, user0_.telephone as telepho12_6_, user0_.update_time as update_13_6_, user0_.user_name as user_na14_6_ from tb_user user0_ where user0_.user_name=?
2020-04-18 15:02:28.834 [http-nio-80-exec-6] DEBUG org.hibernate.SQL - select roles0_.user_id as user_id1_7_0_, roles0_.role_id as role_id2_7_0_, role1_.id as id1_3_1_, role1_.create_time as create_t2_3_1_, role1_.description as descript3_3_1_, role1_.name as name4_3_1_, role1_.role_key as role_key5_3_1_, role1_.status as status6_3_1_, role1_.update_time as update_t7_3_1_ from tb_user_role roles0_ inner join tb_role role1_ on roles0_.role_id=role1_.id where roles0_.user_id=?
2020-04-18 15:02:28.838 [http-nio-80-exec-6] DEBUG org.hibernate.SQL - select resources0_.role_id as role_id1_4_0_, resources0_.resource_id as resource2_4_0_, resource1_.id as id1_2_1_, resource1_.create_time as create_t2_2_1_, resource1_.description as descript3_2_1_, resource1_.icon as icon4_2_1_, resource1_.is_hide as is_hide5_2_1_, resource1_.level as level6_2_1_, resource1_.name as name7_2_1_, resource1_.parent_id as parent_13_2_1_, resource1_.sort as sort8_2_1_, resource1_.source_key as source_k9_2_1_, resource1_.source_url as source_10_2_1_, resource1_.type as type11_2_1_, resource1_.update_time as update_12_2_1_ from tb_role_resource resources0_ inner join tb_resource resource1_ on resources0_.resource_id=resource1_.id where resources0_.role_id=?
2020-04-18 15:02:28.862 [http-nio-80-exec-6] DEBUG org.hibernate.SQL - select user0_.id as id1_6_, user0_.address as address2_6_, user0_.birthday as birthday3_6_, user0_.create_time as create_t4_6_, user0_.delete_status as delete_s5_6_, user0_.description as descript6_6_, user0_.email as email7_6_, user0_.locked as locked8_6_, user0_.nick_name as nick_nam9_6_, user0_.password as passwor10_6_, user0_.sex as sex11_6_, user0_.telephone as telepho12_6_, user0_.update_time as update_13_6_, user0_.user_name as user_na14_6_ from tb_user user0_ where user0_.user_name=?
2020-04-18 15:02:28.870 [http-nio-80-exec-6] DEBUG org.hibernate.SQL - select user0_.id as id1_6_, user0_.address as address2_6_, user0_.birthday as birthday3_6_, user0_.create_time as create_t4_6_, user0_.delete_status as delete_s5_6_, user0_.description as descript6_6_, user0_.email as email7_6_, user0_.locked as locked8_6_, user0_.nick_name as nick_nam9_6_, user0_.password as passwor10_6_, user0_.sex as sex11_6_, user0_.telephone as telepho12_6_, user0_.update_time as update_13_6_, user0_.user_name as user_na14_6_ from tb_user user0_ where user0_.user_name=?
2020-04-18 15:02:28.882 [http-nio-80-exec-6] DEBUG org.hibernate.SQL - select user0_.id as id1_6_, user0_.address as address2_6_, user0_.birthday as birthday3_6_, user0_.create_time as create_t4_6_, user0_.delete_status as delete_s5_6_, user0_.description as descript6_6_, user0_.email as email7_6_, user0_.locked as locked8_6_, user0_.nick_name as nick_nam9_6_, user0_.password as passwor10_6_, user0_.sex as sex11_6_, user0_.telephone as telepho12_6_, user0_.update_time as update_13_6_, user0_.user_name as user_na14_6_ from tb_user user0_ where user0_.user_name=?
2020-04-18 15:02:28.890 [http-nio-80-exec-6] DEBUG org.hibernate.SQL - select user0_.id as id1_6_, user0_.address as address2_6_, user0_.birthday as birthday3_6_, user0_.create_time as create_t4_6_, user0_.delete_status as delete_s5_6_, user0_.description as descript6_6_, user0_.email as email7_6_, user0_.locked as locked8_6_, user0_.nick_name as nick_nam9_6_, user0_.password as passwor10_6_, user0_.sex as sex11_6_, user0_.telephone as telepho12_6_, user0_.update_time as update_13_6_, user0_.user_name as user_na14_6_ from tb_user user0_ where user0_.user_name=?
2020-04-18 15:02:36.511 [http-nio-80-exec-10] DEBUG org.hibernate.SQL - select user0_.id as id1_6_, user0_.address as address2_6_, user0_.birthday as birthday3_6_, user0_.create_time as create_t4_6_, user0_.delete_status as delete_s5_6_, user0_.description as descript6_6_, user0_.email as email7_6_, user0_.locked as locked8_6_, user0_.nick_name as nick_nam9_6_, user0_.password as passwor10_6_, user0_.sex as sex11_6_, user0_.telephone as telepho12_6_, user0_.update_time as update_13_6_, user0_.user_name as user_na14_6_ from tb_user user0_ where user0_.user_name=?
2020-04-18 15:02:36.511 [http-nio-80-exec-10] DEBUG org.hibernate.SQL - select roles0_.user_id as user_id1_7_0_, roles0_.role_id as role_id2_7_0_, role1_.id as id1_3_1_, role1_.create_time as create_t2_3_1_, role1_.description as descript3_3_1_, role1_.name as name4_3_1_, role1_.role_key as role_key5_3_1_, role1_.status as status6_3_1_, role1_.update_time as update_t7_3_1_ from tb_user_role roles0_ inner join tb_role role1_ on roles0_.role_id=role1_.id where roles0_.user_id=?
2020-04-18 15:02:36.516 [http-nio-80-exec-10] DEBUG org.hibernate.SQL - select resources0_.role_id as role_id1_4_0_, resources0_.resource_id as resource2_4_0_, resource1_.id as id1_2_1_, resource1_.create_time as create_t2_2_1_, resource1_.description as descript3_2_1_, resource1_.icon as icon4_2_1_, resource1_.is_hide as is_hide5_2_1_, resource1_.level as level6_2_1_, resource1_.name as name7_2_1_, resource1_.parent_id as parent_13_2_1_, resource1_.sort as sort8_2_1_, resource1_.source_key as source_k9_2_1_, resource1_.source_url as source_10_2_1_, resource1_.type as type11_2_1_, resource1_.update_time as update_12_2_1_ from tb_role_resource resources0_ inner join tb_resource resource1_ on resources0_.resource_id=resource1_.id where resources0_.role_id=?
2020-04-18 15:02:36.531 [http-nio-80-exec-10] DEBUG org.hibernate.SQL - select user0_.id as id1_6_, user0_.address as address2_6_, user0_.birthday as birthday3_6_, user0_.create_time as create_t4_6_, user0_.delete_status as delete_s5_6_, user0_.description as descript6_6_, user0_.email as email7_6_, user0_.locked as locked8_6_, user0_.nick_name as nick_nam9_6_, user0_.password as passwor10_6_, user0_.sex as sex11_6_, user0_.telephone as telepho12_6_, user0_.update_time as update_13_6_, user0_.user_name as user_na14_6_ from tb_user user0_ where user0_.user_name=?
2020-04-18 15:02:36.536 [http-nio-80-exec-10] DEBUG org.hibernate.SQL - select user0_.id as id1_6_, user0_.address as address2_6_, user0_.birthday as birthday3_6_, user0_.create_time as create_t4_6_, user0_.delete_status as delete_s5_6_, user0_.description as descript6_6_, user0_.email as email7_6_, user0_.locked as locked8_6_, user0_.nick_name as nick_nam9_6_, user0_.password as passwor10_6_, user0_.sex as sex11_6_, user0_.telephone as telepho12_6_, user0_.update_time as update_13_6_, user0_.user_name as user_na14_6_ from tb_user user0_ where user0_.user_name=?
2020-04-18 15:02:36.541 [http-nio-80-exec-10] DEBUG org.hibernate.SQL - select user0_.id as id1_6_, user0_.address as address2_6_, user0_.birthday as birthday3_6_, user0_.create_time as create_t4_6_, user0_.delete_status as delete_s5_6_, user0_.description as descript6_6_, user0_.email as email7_6_, user0_.locked as locked8_6_, user0_.nick_name as nick_nam9_6_, user0_.password as passwor10_6_, user0_.sex as sex11_6_, user0_.telephone as telepho12_6_, user0_.update_time as update_13_6_, user0_.user_name as user_na14_6_ from tb_user user0_ where user0_.user_name=?
2020-04-18 15:02:36.745 [http-nio-80-exec-3] DEBUG org.hibernate.SQL - select count(user0_.id) as col_0_0_ from tb_user user0_
2020-04-18 15:02:36.749 [http-nio-80-exec-3] DEBUG org.hibernate.SQL - select user0_.id as id1_6_, user0_.address as address2_6_, user0_.birthday as birthday3_6_, user0_.create_time as create_t4_6_, user0_.delete_status as delete_s5_6_, user0_.description as descript6_6_, user0_.email as email7_6_, user0_.locked as locked8_6_, user0_.nick_name as nick_nam9_6_, user0_.password as passwor10_6_, user0_.sex as sex11_6_, user0_.telephone as telepho12_6_, user0_.update_time as update_13_6_, user0_.user_name as user_na14_6_ from tb_user user0_ limit ?
2020-04-18 15:02:36.825 [http-nio-80-exec-3] DEBUG org.hibernate.SQL - select roles0_.user_id as user_id1_7_0_, roles0_.role_id as role_id2_7_0_, role1_.id as id1_3_1_, role1_.create_time as create_t2_3_1_, role1_.description as descript3_3_1_, role1_.name as name4_3_1_, role1_.role_key as role_key5_3_1_, role1_.status as status6_3_1_, role1_.update_time as update_t7_3_1_ from tb_user_role roles0_ inner join tb_role role1_ on roles0_.role_id=role1_.id where roles0_.user_id=?
2020-04-18 15:02:36.829 [http-nio-80-exec-3] DEBUG org.hibernate.SQL - select resources0_.role_id as role_id1_4_0_, resources0_.resource_id as resource2_4_0_, resource1_.id as id1_2_1_, resource1_.create_time as create_t2_2_1_, resource1_.description as descript3_2_1_, resource1_.icon as icon4_2_1_, resource1_.is_hide as is_hide5_2_1_, resource1_.level as level6_2_1_, resource1_.name as name7_2_1_, resource1_.parent_id as parent_13_2_1_, resource1_.sort as sort8_2_1_, resource1_.source_key as source_k9_2_1_, resource1_.source_url as source_10_2_1_, resource1_.type as type11_2_1_, resource1_.update_time as update_12_2_1_ from tb_role_resource resources0_ inner join tb_resource resource1_ on resources0_.resource_id=resource1_.id where resources0_.role_id=?
